Determining if the pthread_create exist failed with the following output:
Change Dir: /home/jamile/mestrado-workspace/template-pcl/Template PCL/build/CMakeFiles/CMakeTmp

Run Build Command:"/usr/bin/make" "cmTC_bb803/fast"
/usr/bin/make -f CMakeFiles/cmTC_bb803.dir/build.make CMakeFiles/cmTC_bb803.dir/build
make[1]: Entering directory '/home/jamile/mestrado-workspace/template-pcl/Template PCL/build/CMakeFiles/CMakeTmp'
Building C object CMakeFiles/cmTC_bb803.dir/CheckSymbolExists.c.o
/home/jamile/bin/cc    -o CMakeFiles/cmTC_bb803.dir/CheckSymbolExists.c.o   -c "/home/jamile/mestrado-workspace/template-pcl/Template PCL/build/CMakeFiles/CMakeTmp/CheckSymbolExists.c"
Linking C executable cmTC_bb803
/usr/bin/cmake -E cmake_link_script CMakeFiles/cmTC_bb803.dir/link.txt --verbose=1
/home/jamile/bin/cc      -rdynamic CMakeFiles/cmTC_bb803.dir/CheckSymbolExists.c.o  -o cmTC_bb803 
CMakeFiles/cmTC_bb803.dir/CheckSymbolExists.c.o: In function `main':
CheckSymbolExists.c:(.text+0x1b): undefined reference to `pthread_create'
collect2: error: ld returned 1 exit status
CMakeFiles/cmTC_bb803.dir/build.make:97: recipe for target 'cmTC_bb803' failed
make[1]: *** [cmTC_bb803] Error 1
make[1]: Leaving directory '/home/jamile/mestrado-workspace/template-pcl/Template PCL/build/CMakeFiles/CMakeTmp'
Makefile:126: recipe for target 'cmTC_bb803/fast' failed
make: *** [cmTC_bb803/fast] Error 2

File /home/jamile/mestrado-workspace/template-pcl/Template PCL/build/CMakeFiles/CMakeTmp/CheckSymbolExists.c:
/* */
#include <pthread.h>

int main(int argc, char** argv)
{
  (void)argv;
#ifndef pthread_create
  return ((int*)(&pthread_create))[argc];
#else
  (void)argc;
  return 0;
#endif
}

Determining if the function pthread_create exists in the pthreads failed with the following output:
Change Dir: /home/jamile/mestrado-workspace/template-pcl/Template PCL/build/CMakeFiles/CMakeTmp

Run Build Command:"/usr/bin/make" "cmTC_37aea/fast"
/usr/bin/make -f CMakeFiles/cmTC_37aea.dir/build.make CMakeFiles/cmTC_37aea.dir/build
make[1]: Entering directory '/home/jamile/mestrado-workspace/template-pcl/Template PCL/build/CMakeFiles/CMakeTmp'
Building C object CMakeFiles/cmTC_37aea.dir/CheckFunctionExists.c.o
/home/jamile/bin/cc   -DCHECK_FUNCTION_EXISTS=pthread_create   -o CMakeFiles/cmTC_37aea.dir/CheckFunctionExists.c.o   -c /usr/share/cmake-3.10/Modules/CheckFunctionExists.c
Linking C executable cmTC_37aea
/usr/bin/cmake -E cmake_link_script CMakeFiles/cmTC_37aea.dir/link.txt --verbose=1
/home/jamile/bin/cc  -DCHECK_FUNCTION_EXISTS=pthread_create    -rdynamic CMakeFiles/cmTC_37aea.dir/CheckFunctionExists.c.o  -o cmTC_37aea -lpthreads 
/usr/bin/ld: cannot find -lpthreads
collect2: error: ld returned 1 exit status
CMakeFiles/cmTC_37aea.dir/build.make:97: recipe for target 'cmTC_37aea' failed
make[1]: *** [cmTC_37aea] Error 1
make[1]: Leaving directory '/home/jamile/mestrado-workspace/template-pcl/Template PCL/build/CMakeFiles/CMakeTmp'
Makefile:126: recipe for target 'cmTC_37aea/fast' failed
make: *** [cmTC_37aea/fast] Error 2


